2019-10-27 00:05:05 INFO  Version:46 - HHH000412: Hibernate Core {5.3.13.Final}
2019-10-27 00:05:05 INFO  Environment:213 - HHH000206: hibernate.properties not found
2019-10-27 00:05:05 INFO  Version:49 - HCANN000001: Hibernate Commons Annotations {5.0.4.Final}
2019-10-27 00:05:06 WARN  pooling:73 - HHH10001002: Using Hibernate built-in connection pool (not for production use!)
2019-10-27 00:05:06 INFO  pooling:129 - HHH10001005: using driver [com.mysql.jdbc.Driver] at URL [jdbc:mysql://localhost:3306/hb_student_tracker?useSSL=false]
2019-10-27 00:05:06 INFO  pooling:138 - HHH10001001: Connection properties: {user=hbstudent, password=****}
2019-10-27 00:05:06 INFO  pooling:143 - HHH10001003: Autocommit mode: false
2019-10-27 00:05:06 INFO  DriverManagerConnectionProviderImpl:281 - HHH000115: Hibernate connection pool size: 1 (min=1)
2019-10-27 00:05:06 INFO  Dialect:157 - HHH000400: Using dialect: org.hibernate.dialect.MySQLDialect
2019-10-27 00:05:06 INFO  Version:21 - HV000001: Hibernate Validator 6.0.13.Final
2019-10-27 00:05:08 INFO  QueryTranslatorFactoryInitiator:47 - HHH000397: Using ASTQueryTranslatorFactory
2019-10-27 00:06:25 INFO  Version:46 - HHH000412: Hibernate Core {5.3.13.Final}
2019-10-27 00:06:25 INFO  Environment:213 - HHH000206: hibernate.properties not found
2019-10-27 00:06:25 INFO  Version:49 - HCANN000001: Hibernate Commons Annotations {5.0.4.Final}
2019-10-27 00:06:26 WARN  pooling:73 - HHH10001002: Using Hibernate built-in connection pool (not for production use!)
2019-10-27 00:06:26 INFO  pooling:129 - HHH10001005: using driver [com.mysql.jdbc.Driver] at URL [jdbc:mysql://localhost:3306/hb_student_tracker?useSSL=false]
2019-10-27 00:06:26 INFO  pooling:138 - HHH10001001: Connection properties: {user=hbstudent, password=****}
2019-10-27 00:06:26 INFO  pooling:143 - HHH10001003: Autocommit mode: false
2019-10-27 00:06:26 INFO  DriverManagerConnectionProviderImpl:281 - HHH000115: Hibernate connection pool size: 1 (min=1)
2019-10-27 00:06:26 INFO  Dialect:157 - HHH000400: Using dialect: org.hibernate.dialect.MySQLDialect
2019-10-27 00:06:26 INFO  Version:21 - HV000001: Hibernate Validator 6.0.13.Final
2019-10-27 00:06:27 INFO  QueryTranslatorFactoryInitiator:47 - HHH000397: Using ASTQueryTranslatorFactory
